<?xml version="1.0" encoding="UTF-8"?>
<testsuite xmlns:xsi="http://www.w3.org/2001/XMLSchema-instance" xsi:noNamespaceSchemaLocation="https://maven.apache.org/surefire/maven-surefire-plugin/xsd/surefire-test-report.xsd" name="org.api.AppTest" time="0.036" tests="1" errors="0" skipped="0" failures="0">
  <properties>
    <property name="sun.desktop" value="windows"/>
    <property name="awt.toolkit" value="sun.awt.windows.WToolkit"/>
    <property name="java.specification.version" value="11"/>
    <property name="sun.cpu.isalist" value="amd64"/>
    <property name="sun.jnu.encoding" value="Cp1252"/>
    <property name="java.class.path" value="D:\Others\Aditya Docs\Automation Jiwan\multi-module-automation\api-automation\target\test-classes;D:\Others\Aditya Docs\Automation Jiwan\multi-module-automation\api-automation\target\classes;C:\Users\adityamansana\.m2\repository\junit\junit\4.11\junit-4.11.jar;C:\Users\adityamansana\.m2\repository\org\hamcrest\hamcrest-core\1.3\hamcrest-core-1.3.jar;"/>
    <property name="java.vm.vendor" value="Oracle Corporation"/>
    <property name="sun.arch.data.model" value="64"/>
    <property name="user.variant" value=""/>
    <property name="java.vendor.url" value="http://java.oracle.com/"/>
    <property name="user.timezone" value="Asia/Calcutta"/>
    <property name="java.vm.specification.version" value="11"/>
    <property name="os.name" value="Windows 10"/>
    <property name="sun.java.launcher" value="SUN_STANDARD"/>
    <property name="user.country" value="US"/>
    <property name="sun.boot.library.path" value="C:\jdk-11\bin"/>
    <property name="sun.java.command" value="C:\Users\ADITYA~1\AppData\Local\Temp\surefire11483250406196396092\surefirebooter2427613116646334240.jar C:\Users\adityamansana\AppData\Local\Temp\surefire11483250406196396092 2022-07-18T12-36-05_184-jvmRun1 surefire1249194777221648177tmp surefire_010623888743575580796tmp"/>
    <property name="jdk.debug" value="release"/>
    <property name="surefire.test.class.path" value="D:\Others\Aditya Docs\Automation Jiwan\multi-module-automation\api-automation\target\test-classes;D:\Others\Aditya Docs\Automation Jiwan\multi-module-automation\api-automation\target\classes;C:\Users\adityamansana\.m2\repository\junit\junit\4.11\junit-4.11.jar;C:\Users\adityamansana\.m2\repository\org\hamcrest\hamcrest-core\1.3\hamcrest-core-1.3.jar;"/>
    <property name="sun.cpu.endian" value="little"/>
    <property name="user.home" value="C:\Users\adityamansana"/>
    <property name="user.language" value="en"/>
    <property name="java.specification.vendor" value="Oracle Corporation"/>
    <property name="java.version.date" value="2018-09-25"/>
    <property name="java.home" value="C:\jdk-11"/>
    <property name="file.separator" value="\"/>
    <property name="basedir" value="D:\Others\Aditya Docs\Automation Jiwan\multi-module-automation\api-automation"/>
    <property name="java.vm.compressedOopsMode" value="Zero based"/>
    <property name="line.separator" value="&#10;"/>
    <property name="java.specification.name" value="Java Platform API Specification"/>
    <property name="java.vm.specification.vendor" value="Oracle Corporation"/>
    <property name="java.awt.graphicsenv" value="sun.awt.Win32GraphicsEnvironment"/>
    <property name="surefire.real.class.path" value="C:\Users\ADITYA~1\AppData\Local\Temp\surefire11483250406196396092\surefirebooter2427613116646334240.jar"/>
    <property name="user.script" value=""/>
    <property name="sun.management.compiler" value="HotSpot 64-Bit Tiered Compilers"/>
    <property name="java.runtime.version" value="11+28"/>
    <property name="user.name" value="adityamansana"/>
    <property name="path.separator" value=";"/>
    <property name="os.version" value="10.0"/>
    <property name="java.runtime.name" value="OpenJDK Runtime Environment"/>
    <property name="file.encoding" value="Cp1252"/>
    <property name="java.vm.name" value="OpenJDK 64-Bit Server VM"/>
    <property name="java.vendor.version" value="18.9"/>
    <property name="localRepository" value="C:\Users\adityamansana\.m2\repository"/>
    <property name="java.vendor.url.bug" value="http://bugreport.java.com/bugreport/"/>
    <property name="java.io.tmpdir" value="C:\Users\ADITYA~1\AppData\Local\Temp\"/>
    <property name="java.version" value="11"/>
    <property name="user.dir" value="D:\Others\Aditya Docs\Automation Jiwan\multi-module-automation\api-automation"/>
    <property name="os.arch" value="amd64"/>
    <property name="java.vm.specification.name" value="Java Virtual Machine Specification"/>
    <property name="java.awt.printerjob" value="sun.awt.windows.WPrinterJob"/>
    <property name="sun.os.patch.level" value=""/>
    <property name="java.library.path" value="C:\jdk-11\bin;C:\Windows\Sun\Java\bin;C:\Windows\system32;C:\Windows;C:/jdk-11/bin/server;C:/jdk-11/bin;C:\Program Files (x86)\Common Files\Oracle\Java\javapath;C:\Program Files\Python39\Scripts\;C:\Program Files\Python39\;C:\Windows\system32;C:\Windows;C:\Windows\System32\Wbem;C:\Windows\System32\WindowsPowerShell\v1.0\;C:\Windows\System32\OpenSSH\;C:\Program Files\TortoiseSVN\bin;C:\jdk-11\bin;C:\Program Files\PostgreSQL\13\bin;C:\Program Files\Java\jdk1.8.0_241\bin;C:\Program Files\Java\jre1.8.0_241\bin;C:\Program Files\Python39\bin;C:\Program Files\Python39\lib;C:\Program Files\Python39\DLLs;C:\Program Files (x86)\Microsoft Visual Studio\2017\BuildTools\VC;C:\Program Files\PuTTY\;C:\Program Files\WinMerge;C:\Program Files\Docker\Docker\resources\bin;C:\ProgramData\DockerDesktop\version-bin;C:\Program Files (x86)\WinSCP\;C:\Maven\apache-maven-3.8.5-bin\apache-maven-3.8.5\bin;C:\Program Files\nodejs\;C:\Program Files\Git\cmd;C:\Users\adityamansana\AppData\Local\Microsoft\WindowsApps;C:\Users\adityamansana\AppData\Local\Programs\Git\cmd;C:\Program Files\JetBrains\PyCharm Community Edition 2021.1.2\bin;;C:\Users\adityamansana\AppData\Local\GitHubDesktop\bin;C:\Users\adityamansana\AppData\Local\Programs\Microsoft VS Code\bin;C:\Users\adityamansana\AppData\Roaming\npm;C:\Maven\apache-maven-3.8.5-src\apache-maven-3.8.5;;C:\Windows\System32;;."/>
    <property name="java.vendor" value="Oracle Corporation"/>
    <property name="java.vm.info" value="mixed mode"/>
    <property name="java.vm.version" value="11+28"/>
    <property name="sun.io.unicode.encoding" value="UnicodeLittle"/>
    <property name="java.class.version" value="55.0"/>
  </properties>
  <testcase name="shouldAnswerWithTrue" classname="org.api.AppTest" time="0.003"/>
</testsuite>