<?xml version="1.0" encoding="UTF-8"?>
<testsuite xmlns:xsi="http://www.w3.org/2001/XMLSchema-instance" xsi:noNamespaceSchemaLocation="https://maven.apache.org/surefire/maven-surefire-plugin/xsd/surefire-test-report.xsd" name="Validate Jira APIs" time="1.706" tests="1" errors="1" skipped="0" failures="0">
  <properties>
    <property name="sun.desktop" value="windows"/>
    <property name="awt.toolkit" value="sun.awt.windows.WToolkit"/>
    <property name="java.specification.version" value="11"/>
    <property name="sun.cpu.isalist" value="amd64"/>
    <property name="sun.jnu.encoding" value="Cp1252"/>
    <property name="java.class.path" value="D:\Others\Aditya Docs\Automation Jiwan\multi-module-automation\api-automation\target\test-classes;D:\Others\Aditya Docs\Automation Jiwan\multi-module-automation\api-automation\target\classes;C:\Users\adityamansana\.m2\repository\org\junit\jupiter\junit-jupiter-api\5.8.2\junit-jupiter-api-5.8.2.jar;C:\Users\adityamansana\.m2\repository\org\opentest4j\opentest4j\1.2.0\opentest4j-1.2.0.jar;C:\Users\adityamansana\.m2\repository\org\junit\platform\junit-platform-commons\1.8.2\junit-platform-commons-1.8.2.jar;C:\Users\adityamansana\.m2\repository\org\apiguardian\apiguardian-api\1.1.2\apiguardian-api-1.1.2.jar;C:\Users\adityamansana\.m2\repository\net\minidev\json-smart\2.3\json-smart-2.3.jar;C:\Users\adityamansana\.m2\repository\net\minidev\accessors-smart\1.2\accessors-smart-1.2.jar;C:\Users\adityamansana\.m2\repository\org\ow2\asm\asm\5.0.4\asm-5.0.4.jar;C:\Users\adityamansana\.m2\repository\io\rest-assured\rest-assured\4.4.0\rest-assured-4.4.0.jar;C:\Users\adityamansana\.m2\repository\org\codehaus\groovy\groovy\3.0.8\groovy-3.0.8.jar;C:\Users\adityamansana\.m2\repository\org\codehaus\groovy\groovy-xml\3.0.8\groovy-xml-3.0.8.jar;C:\Users\adityamansana\.m2\repository\org\apache\httpcomponents\httpclient\4.5.13\httpclient-4.5.13.jar;C:\Users\adityamansana\.m2\repository\org\apache\httpcomponents\httpcore\4.4.13\httpcore-4.4.13.jar;C:\Users\adityamansana\.m2\repository\commons-logging\commons-logging\1.2\commons-logging-1.2.jar;C:\Users\adityamansana\.m2\repository\commons-codec\commons-codec\1.11\commons-codec-1.11.jar;C:\Users\adityamansana\.m2\repository\org\apache\httpcomponents\httpmime\4.5.13\httpmime-4.5.13.jar;C:\Users\adityamansana\.m2\repository\org\hamcrest\hamcrest\2.1\hamcrest-2.1.jar;C:\Users\adityamansana\.m2\repository\org\ccil\cowan\tagsoup\tagsoup\1.2.1\tagsoup-1.2.1.jar;C:\Users\adityamansana\.m2\repository\io\rest-assured\json-path\4.4.0\json-path-4.4.0.jar;C:\Users\adityamansana\.m2\repository\org\codehaus\groovy\groovy-json\3.0.8\groovy-json-3.0.8.jar;C:\Users\adityamansana\.m2\repository\io\rest-assured\rest-assured-common\4.4.0\rest-assured-common-4.4.0.jar;C:\Users\adityamansana\.m2\repository\io\rest-assured\xml-path\4.4.0\xml-path-4.4.0.jar;C:\Users\adityamansana\.m2\repository\jakarta\xml\bind\jakarta.xml.bind-api\2.3.3\jakarta.xml.bind-api-2.3.3.jar;C:\Users\adityamansana\.m2\repository\jakarta\activation\jakarta.activation-api\1.2.2\jakarta.activation-api-1.2.2.jar;C:\Users\adityamansana\.m2\repository\com\sun\xml\bind\jaxb-impl\2.3.3\jaxb-impl-2.3.3.jar;C:\Users\adityamansana\.m2\repository\io\rest-assured\json-schema-validator\4.4.0\json-schema-validator-4.4.0.jar;C:\Users\adityamansana\.m2\repository\com\github\java-json-tools\json-schema-validator\2.2.14\json-schema-validator-2.2.14.jar;C:\Users\adityamansana\.m2\repository\com\github\java-json-tools\jackson-coreutils-equivalence\1.0\jackson-coreutils-equivalence-1.0.jar;C:\Users\adityamansana\.m2\repository\com\github\java-json-tools\jackson-coreutils\2.0\jackson-coreutils-2.0.jar;C:\Users\adityamansana\.m2\repository\com\github\java-json-tools\msg-simple\1.2\msg-simple-1.2.jar;C:\Users\adityamansana\.m2\repository\com\github\java-json-tools\btf\1.3\btf-1.3.jar;C:\Users\adityamansana\.m2\repository\com\github\java-json-tools\json-schema-core\1.2.14\json-schema-core-1.2.14.jar;C:\Users\adityamansana\.m2\repository\com\github\java-json-tools\uri-template\0.10\uri-template-0.10.jar;C:\Users\adityamansana\.m2\repository\org\mozilla\rhino\1.7.7.2\rhino-1.7.7.2.jar;C:\Users\adityamansana\.m2\repository\com\sun\mail\mailapi\1.6.2\mailapi-1.6.2.jar;C:\Users\adityamansana\.m2\repository\com\googlecode\libphonenumber\libphonenumber\8.11.1\libphonenumber-8.11.1.jar;C:\Users\adityamansana\.m2\repository\com\google\code\findbugs\jsr305\3.0.2\jsr305-3.0.2.jar;C:\Users\adityamansana\.m2\repository\net\sf\jopt-simple\jopt-simple\5.0.4\jopt-simple-5.0.4.jar;C:\Users\adityamansana\.m2\repository\org\json\json\20211205\json-20211205.jar;C:\Users\adityamansana\.m2\repository\org\hamcrest\hamcrest-library\2.2\hamcrest-library-2.2.jar;C:\Users\adityamansana\.m2\repository\org\hamcrest\hamcrest-core\2.2\hamcrest-core-2.2.jar;C:\Users\adityamansana\.m2\repository\net\masterthought\cucumber-reporting\5.6.1\cucumber-reporting-5.6.1.jar;C:\Users\adityamansana\.m2\repository\com\fasterxml\jackson\core\jackson-databind\2.12.1\jackson-databind-2.12.1.jar;C:\Users\adityamansana\.m2\repository\com\fasterxml\jackson\core\jackson-annotations\2.12.1\jackson-annotations-2.12.1.jar;C:\Users\adityamansana\.m2\repository\com\fasterxml\jackson\core\jackson-core\2.12.1\jackson-core-2.12.1.jar;C:\Users\adityamansana\.m2\repository\com\fasterxml\jackson\datatype\jackson-datatype-jsr310\2.12.1\jackson-datatype-jsr310-2.12.1.jar;C:\Users\adityamansana\.m2\repository\org\apache\velocity\velocity-engine-core\2.3\velocity-engine-core-2.3.jar;C:\Users\adityamansana\.m2\repository\commons-collections\commons-collections\3.2.2\commons-collections-3.2.2.jar;C:\Users\adityamansana\.m2\repository\joda-time\joda-time\2.10.10\joda-time-2.10.10.jar;C:\Users\adityamansana\.m2\repository\org\apache\commons\commons-lang3\3.12.0\commons-lang3-3.12.0.jar;C:\Users\adityamansana\.m2\repository\commons-io\commons-io\2.7\commons-io-2.7.jar;C:\Users\adityamansana\.m2\repository\org\codehaus\plexus\plexus-utils\3.3.0\plexus-utils-3.3.0.jar;C:\Users\adityamansana\.m2\repository\org\jsoup\jsoup\1.14.2\jsoup-1.14.2.jar;C:\Users\adityamansana\.m2\repository\com\google\guava\guava\30.1.1-jre\guava-30.1.1-jre.jar;C:\Users\adityamansana\.m2\repository\com\google\guava\failureaccess\1.0.1\failureaccess-1.0.1.jar;C:\Users\adityamansana\.m2\repository\com\google\guava\listenablefuture\9999.0-empty-to-avoid-conflict-with-guava\listenablefuture-9999.0-empty-to-avoid-conflict-with-guava.jar;C:\Users\adityamansana\.m2\repository\org\checkerframework\checker-qual\3.8.0\checker-qual-3.8.0.jar;C:\Users\adityamansana\.m2\repository\com\google\errorprone\error_prone_annotations\2.5.1\error_prone_annotations-2.5.1.jar;C:\Users\adityamansana\.m2\repository\com\google\j2objc\j2objc-annotations\1.3\j2objc-annotations-1.3.jar;C:\Users\adityamansana\.m2\repository\com\googlecode\owasp-java-html-sanitizer\owasp-java-html-sanitizer\20211018.2\owasp-java-html-sanitizer-20211018.2.jar;C:\Users\adityamansana\.m2\repository\commons-configuration\commons-configuration\1.10\commons-configuration-1.10.jar;C:\Users\adityamansana\.m2\repository\commons-lang\commons-lang\2.6\commons-lang-2.6.jar;C:\Users\adityamansana\.m2\repository\io\cucumber\cucumber-java\6.11.0\cucumber-java-6.11.0.jar;C:\Users\adityamansana\.m2\repository\io\cucumber\cucumber-java8\6.11.0\cucumber-java8-6.11.0.jar;C:\Users\adityamansana\.m2\repository\net\jodah\typetools\0.6.3\typetools-0.6.3.jar;C:\Users\adityamansana\.m2\repository\io\cucumber\cucumber-junit\6.11.0\cucumber-junit-6.11.0.jar;C:\Users\adityamansana\.m2\repository\junit\junit\4.13.2\junit-4.13.2.jar;C:\Users\adityamansana\.m2\repository\io\cucumber\cucumber-core\6.11.0\cucumber-core-6.11.0.jar;C:\Users\adityamansana\.m2\repository\io\cucumber\cucumber-gherkin\6.11.0\cucumber-gherkin-6.11.0.jar;C:\Users\adityamansana\.m2\repository\io\cucumber\cucumber-gherkin-messages\6.11.0\cucumber-gherkin-messages-6.11.0.jar;C:\Users\adityamansana\.m2\repository\io\cucumber\messages\15.0.0\messages-15.0.0.jar;C:\Users\adityamansana\.m2\repository\io\cucumber\tag-expressions\3.0.1\tag-expressions-3.0.1.jar;C:\Users\adityamansana\.m2\repository\io\cucumber\cucumber-expressions\10.3.0\cucumber-expressions-10.3.0.jar;C:\Users\adityamansana\.m2\repository\io\cucumber\datatable\3.5.0\datatable-3.5.0.jar;C:\Users\adityamansana\.m2\repository\io\cucumber\cucumber-plugin\6.11.0\cucumber-plugin-6.11.0.jar;C:\Users\adityamansana\.m2\repository\io\cucumber\docstring\6.11.0\docstring-6.11.0.jar;C:\Users\adityamansana\.m2\repository\io\cucumber\html-formatter\13.0.0\html-formatter-13.0.0.jar;C:\Users\adityamansana\.m2\repository\io\cucumber\create-meta\4.0.0\create-meta-4.0.0.jar;C:\Users\adityamansana\.m2\repository\io\cucumber\cucumber-weld\6.11.0\cucumber-weld-6.11.0.jar;C:\Users\adityamansana\.m2\repository\io\cucumber\cucumber-junit-platform-engine\6.11.0\cucumber-junit-platform-engine-6.11.0.jar;C:\Users\adityamansana\.m2\repository\org\junit\platform\junit-platform-engine\1.8.2\junit-platform-engine-1.8.2.jar;C:\Users\adityamansana\.m2\repository\javax\enterprise\cdi-api\2.0-PFD2\cdi-api-2.0-PFD2.jar;C:\Users\adityamansana\.m2\repository\javax\el\javax.el-api\3.0.0\javax.el-api-3.0.0.jar;C:\Users\adityamansana\.m2\repository\javax\interceptor\javax.interceptor-api\1.2\javax.interceptor-api-1.2.jar;C:\Users\adityamansana\.m2\repository\javax\inject\javax.inject\1\javax.inject-1.jar;C:\Users\adityamansana\.m2\repository\org\jboss\weld\se\weld-se\2.4.8.Final\weld-se-2.4.8.Final.jar;C:\Users\adityamansana\.m2\repository\io\github\bonigarcia\webdrivermanager\5.0.3\webdrivermanager-5.0.3.jar;C:\Users\adityamansana\.m2\repository\org\slf4j\slf4j-api\1.7.32\slf4j-api-1.7.32.jar;C:\Users\adityamansana\.m2\repository\com\google\code\gson\gson\2.8.8\gson-2.8.8.jar;C:\Users\adityamansana\.m2\repository\com\github\docker-java\docker-java\3.2.12\docker-java-3.2.12.jar;C:\Users\adityamansana\.m2\repository\com\github\docker-java\docker-java-core\3.2.12\docker-java-core-3.2.12.jar;C:\Users\adityamansana\.m2\repository\com\github\docker-java\docker-java-api\3.2.12\docker-java-api-3.2.12.jar;C:\Users\adityamansana\.m2\repository\org\apache\commons\commons-compress\1.21\commons-compress-1.21.jar;C:\Users\adityamansana\.m2\repository\org\bouncycastle\bcpkix-jdk15on\1.64\bcpkix-jdk15on-1.64.jar;C:\Users\adityamansana\.m2\repository\org\bouncycastle\bcprov-jdk15on\1.64\bcprov-jdk15on-1.64.jar;C:\Users\adityamansana\.m2\repository\org\slf4j\jcl-over-slf4j\1.7.30\jcl-over-slf4j-1.7.30.jar;C:\Users\adityamansana\.m2\repository\com\github\docker-java\docker-java-transport-httpclient5\3.2.12\docker-java-transport-httpclient5-3.2.12.jar;C:\Users\adityamansana\.m2\repository\com\github\docker-java\docker-java-transport\3.2.12\docker-java-transport-3.2.12.jar;C:\Users\adityamansana\.m2\repository\org\apache\httpcomponents\client5\httpclient5\5.0.3\httpclient5-5.0.3.jar;C:\Users\adityamansana\.m2\repository\org\apache\httpcomponents\core5\httpcore5\5.0.2\httpcore5-5.0.2.jar;C:\Users\adityamansana\.m2\repository\net\java\dev\jna\jna\5.8.0\jna-5.8.0.jar;C:\Users\adityamansana\.m2\repository\org\brotli\dec\0.1.2\dec-0.1.2.jar;C:\Users\adityamansana\.m2\repository\com\oracle\database\jdbc\ojdbc8\21.3.0.0\ojdbc8-21.3.0.0.jar;"/>
    <property name="java.vm.vendor" value="Oracle Corporation"/>
    <property name="sun.arch.data.model" value="64"/>
    <property name="user.variant" value=""/>
    <property name="java.vendor.url" value="http://java.oracle.com/"/>
    <property name="user.timezone" value="Asia/Calcutta"/>
    <property name="java.vm.specification.version" value="11"/>
    <property name="os.name" value="Windows 10"/>
    <property name="sun.java.launcher" value="SUN_STANDARD"/>
    <property name="user.country" value="US"/>
    <property name="sun.boot.library.path" value="C:\jdk-11\bin"/>
    <property name="sun.java.command" value="C:\Users\ADITYA~1\AppData\Local\Temp\surefire16529703120271758277\surefirebooter10213643515382327871.jar C:\Users\adityamansana\AppData\Local\Temp\surefire16529703120271758277 2022-07-20T01-54-59_767-jvmRun1 surefire15888600524699385245tmp surefire_015834907348814223832tmp"/>
    <property name="jdk.debug" value="release"/>
    <property name="surefire.test.class.path" value="D:\Others\Aditya Docs\Automation Jiwan\multi-module-automation\api-automation\target\test-classes;D:\Others\Aditya Docs\Automation Jiwan\multi-module-automation\api-automation\target\classes;C:\Users\adityamansana\.m2\repository\org\junit\jupiter\junit-jupiter-api\5.8.2\junit-jupiter-api-5.8.2.jar;C:\Users\adityamansana\.m2\repository\org\opentest4j\opentest4j\1.2.0\opentest4j-1.2.0.jar;C:\Users\adityamansana\.m2\repository\org\junit\platform\junit-platform-commons\1.8.2\junit-platform-commons-1.8.2.jar;C:\Users\adityamansana\.m2\repository\org\apiguardian\apiguardian-api\1.1.2\apiguardian-api-1.1.2.jar;C:\Users\adityamansana\.m2\repository\net\minidev\json-smart\2.3\json-smart-2.3.jar;C:\Users\adityamansana\.m2\repository\net\minidev\accessors-smart\1.2\accessors-smart-1.2.jar;C:\Users\adityamansana\.m2\repository\org\ow2\asm\asm\5.0.4\asm-5.0.4.jar;C:\Users\adityamansana\.m2\repository\io\rest-assured\rest-assured\4.4.0\rest-assured-4.4.0.jar;C:\Users\adityamansana\.m2\repository\org\codehaus\groovy\groovy\3.0.8\groovy-3.0.8.jar;C:\Users\adityamansana\.m2\repository\org\codehaus\groovy\groovy-xml\3.0.8\groovy-xml-3.0.8.jar;C:\Users\adityamansana\.m2\repository\org\apache\httpcomponents\httpclient\4.5.13\httpclient-4.5.13.jar;C:\Users\adityamansana\.m2\repository\org\apache\httpcomponents\httpcore\4.4.13\httpcore-4.4.13.jar;C:\Users\adityamansana\.m2\repository\commons-logging\commons-logging\1.2\commons-logging-1.2.jar;C:\Users\adityamansana\.m2\repository\commons-codec\commons-codec\1.11\commons-codec-1.11.jar;C:\Users\adityamansana\.m2\repository\org\apache\httpcomponents\httpmime\4.5.13\httpmime-4.5.13.jar;C:\Users\adityamansana\.m2\repository\org\hamcrest\hamcrest\2.1\hamcrest-2.1.jar;C:\Users\adityamansana\.m2\repository\org\ccil\cowan\tagsoup\tagsoup\1.2.1\tagsoup-1.2.1.jar;C:\Users\adityamansana\.m2\repository\io\rest-assured\json-path\4.4.0\json-path-4.4.0.jar;C:\Users\adityamansana\.m2\repository\org\codehaus\groovy\groovy-json\3.0.8\groovy-json-3.0.8.jar;C:\Users\adityamansana\.m2\repository\io\rest-assured\rest-assured-common\4.4.0\rest-assured-common-4.4.0.jar;C:\Users\adityamansana\.m2\repository\io\rest-assured\xml-path\4.4.0\xml-path-4.4.0.jar;C:\Users\adityamansana\.m2\repository\jakarta\xml\bind\jakarta.xml.bind-api\2.3.3\jakarta.xml.bind-api-2.3.3.jar;C:\Users\adityamansana\.m2\repository\jakarta\activation\jakarta.activation-api\1.2.2\jakarta.activation-api-1.2.2.jar;C:\Users\adityamansana\.m2\repository\com\sun\xml\bind\jaxb-impl\2.3.3\jaxb-impl-2.3.3.jar;C:\Users\adityamansana\.m2\repository\io\rest-assured\json-schema-validator\4.4.0\json-schema-validator-4.4.0.jar;C:\Users\adityamansana\.m2\repository\com\github\java-json-tools\json-schema-validator\2.2.14\json-schema-validator-2.2.14.jar;C:\Users\adityamansana\.m2\repository\com\github\java-json-tools\jackson-coreutils-equivalence\1.0\jackson-coreutils-equivalence-1.0.jar;C:\Users\adityamansana\.m2\repository\com\github\java-json-tools\jackson-coreutils\2.0\jackson-coreutils-2.0.jar;C:\Users\adityamansana\.m2\repository\com\github\java-json-tools\msg-simple\1.2\msg-simple-1.2.jar;C:\Users\adityamansana\.m2\repository\com\github\java-json-tools\btf\1.3\btf-1.3.jar;C:\Users\adityamansana\.m2\repository\com\github\java-json-tools\json-schema-core\1.2.14\json-schema-core-1.2.14.jar;C:\Users\adityamansana\.m2\repository\com\github\java-json-tools\uri-template\0.10\uri-template-0.10.jar;C:\Users\adityamansana\.m2\repository\org\mozilla\rhino\1.7.7.2\rhino-1.7.7.2.jar;C:\Users\adityamansana\.m2\repository\com\sun\mail\mailapi\1.6.2\mailapi-1.6.2.jar;C:\Users\adityamansana\.m2\repository\com\googlecode\libphonenumber\libphonenumber\8.11.1\libphonenumber-8.11.1.jar;C:\Users\adityamansana\.m2\repository\com\google\code\findbugs\jsr305\3.0.2\jsr305-3.0.2.jar;C:\Users\adityamansana\.m2\repository\net\sf\jopt-simple\jopt-simple\5.0.4\jopt-simple-5.0.4.jar;C:\Users\adityamansana\.m2\repository\org\json\json\20211205\json-20211205.jar;C:\Users\adityamansana\.m2\repository\org\hamcrest\hamcrest-library\2.2\hamcrest-library-2.2.jar;C:\Users\adityamansana\.m2\repository\org\hamcrest\hamcrest-core\2.2\hamcrest-core-2.2.jar;C:\Users\adityamansana\.m2\repository\net\masterthought\cucumber-reporting\5.6.1\cucumber-reporting-5.6.1.jar;C:\Users\adityamansana\.m2\repository\com\fasterxml\jackson\core\jackson-databind\2.12.1\jackson-databind-2.12.1.jar;C:\Users\adityamansana\.m2\repository\com\fasterxml\jackson\core\jackson-annotations\2.12.1\jackson-annotations-2.12.1.jar;C:\Users\adityamansana\.m2\repository\com\fasterxml\jackson\core\jackson-core\2.12.1\jackson-core-2.12.1.jar;C:\Users\adityamansana\.m2\repository\com\fasterxml\jackson\datatype\jackson-datatype-jsr310\2.12.1\jackson-datatype-jsr310-2.12.1.jar;C:\Users\adityamansana\.m2\repository\org\apache\velocity\velocity-engine-core\2.3\velocity-engine-core-2.3.jar;C:\Users\adityamansana\.m2\repository\commons-collections\commons-collections\3.2.2\commons-collections-3.2.2.jar;C:\Users\adityamansana\.m2\repository\joda-time\joda-time\2.10.10\joda-time-2.10.10.jar;C:\Users\adityamansana\.m2\repository\org\apache\commons\commons-lang3\3.12.0\commons-lang3-3.12.0.jar;C:\Users\adityamansana\.m2\repository\commons-io\commons-io\2.7\commons-io-2.7.jar;C:\Users\adityamansana\.m2\repository\org\codehaus\plexus\plexus-utils\3.3.0\plexus-utils-3.3.0.jar;C:\Users\adityamansana\.m2\repository\org\jsoup\jsoup\1.14.2\jsoup-1.14.2.jar;C:\Users\adityamansana\.m2\repository\com\google\guava\guava\30.1.1-jre\guava-30.1.1-jre.jar;C:\Users\adityamansana\.m2\repository\com\google\guava\failureaccess\1.0.1\failureaccess-1.0.1.jar;C:\Users\adityamansana\.m2\repository\com\google\guava\listenablefuture\9999.0-empty-to-avoid-conflict-with-guava\listenablefuture-9999.0-empty-to-avoid-conflict-with-guava.jar;C:\Users\adityamansana\.m2\repository\org\checkerframework\checker-qual\3.8.0\checker-qual-3.8.0.jar;C:\Users\adityamansana\.m2\repository\com\google\errorprone\error_prone_annotations\2.5.1\error_prone_annotations-2.5.1.jar;C:\Users\adityamansana\.m2\repository\com\google\j2objc\j2objc-annotations\1.3\j2objc-annotations-1.3.jar;C:\Users\adityamansana\.m2\repository\com\googlecode\owasp-java-html-sanitizer\owasp-java-html-sanitizer\20211018.2\owasp-java-html-sanitizer-20211018.2.jar;C:\Users\adityamansana\.m2\repository\commons-configuration\commons-configuration\1.10\commons-configuration-1.10.jar;C:\Users\adityamansana\.m2\repository\commons-lang\commons-lang\2.6\commons-lang-2.6.jar;C:\Users\adityamansana\.m2\repository\io\cucumber\cucumber-java\6.11.0\cucumber-java-6.11.0.jar;C:\Users\adityamansana\.m2\repository\io\cucumber\cucumber-java8\6.11.0\cucumber-java8-6.11.0.jar;C:\Users\adityamansana\.m2\repository\net\jodah\typetools\0.6.3\typetools-0.6.3.jar;C:\Users\adityamansana\.m2\repository\io\cucumber\cucumber-junit\6.11.0\cucumber-junit-6.11.0.jar;C:\Users\adityamansana\.m2\repository\junit\junit\4.13.2\junit-4.13.2.jar;C:\Users\adityamansana\.m2\repository\io\cucumber\cucumber-core\6.11.0\cucumber-core-6.11.0.jar;C:\Users\adityamansana\.m2\repository\io\cucumber\cucumber-gherkin\6.11.0\cucumber-gherkin-6.11.0.jar;C:\Users\adityamansana\.m2\repository\io\cucumber\cucumber-gherkin-messages\6.11.0\cucumber-gherkin-messages-6.11.0.jar;C:\Users\adityamansana\.m2\repository\io\cucumber\messages\15.0.0\messages-15.0.0.jar;C:\Users\adityamansana\.m2\repository\io\cucumber\tag-expressions\3.0.1\tag-expressions-3.0.1.jar;C:\Users\adityamansana\.m2\repository\io\cucumber\cucumber-expressions\10.3.0\cucumber-expressions-10.3.0.jar;C:\Users\adityamansana\.m2\repository\io\cucumber\datatable\3.5.0\datatable-3.5.0.jar;C:\Users\adityamansana\.m2\repository\io\cucumber\cucumber-plugin\6.11.0\cucumber-plugin-6.11.0.jar;C:\Users\adityamansana\.m2\repository\io\cucumber\docstring\6.11.0\docstring-6.11.0.jar;C:\Users\adityamansana\.m2\repository\io\cucumber\html-formatter\13.0.0\html-formatter-13.0.0.jar;C:\Users\adityamansana\.m2\repository\io\cucumber\create-meta\4.0.0\create-meta-4.0.0.jar;C:\Users\adityamansana\.m2\repository\io\cucumber\cucumber-weld\6.11.0\cucumber-weld-6.11.0.jar;C:\Users\adityamansana\.m2\repository\io\cucumber\cucumber-junit-platform-engine\6.11.0\cucumber-junit-platform-engine-6.11.0.jar;C:\Users\adityamansana\.m2\repository\org\junit\platform\junit-platform-engine\1.8.2\junit-platform-engine-1.8.2.jar;C:\Users\adityamansana\.m2\repository\javax\enterprise\cdi-api\2.0-PFD2\cdi-api-2.0-PFD2.jar;C:\Users\adityamansana\.m2\repository\javax\el\javax.el-api\3.0.0\javax.el-api-3.0.0.jar;C:\Users\adityamansana\.m2\repository\javax\interceptor\javax.interceptor-api\1.2\javax.interceptor-api-1.2.jar;C:\Users\adityamansana\.m2\repository\javax\inject\javax.inject\1\javax.inject-1.jar;C:\Users\adityamansana\.m2\repository\org\jboss\weld\se\weld-se\2.4.8.Final\weld-se-2.4.8.Final.jar;C:\Users\adityamansana\.m2\repository\io\github\bonigarcia\webdrivermanager\5.0.3\webdrivermanager-5.0.3.jar;C:\Users\adityamansana\.m2\repository\org\slf4j\slf4j-api\1.7.32\slf4j-api-1.7.32.jar;C:\Users\adityamansana\.m2\repository\com\google\code\gson\gson\2.8.8\gson-2.8.8.jar;C:\Users\adityamansana\.m2\repository\com\github\docker-java\docker-java\3.2.12\docker-java-3.2.12.jar;C:\Users\adityamansana\.m2\repository\com\github\docker-java\docker-java-core\3.2.12\docker-java-core-3.2.12.jar;C:\Users\adityamansana\.m2\repository\com\github\docker-java\docker-java-api\3.2.12\docker-java-api-3.2.12.jar;C:\Users\adityamansana\.m2\repository\org\apache\commons\commons-compress\1.21\commons-compress-1.21.jar;C:\Users\adityamansana\.m2\repository\org\bouncycastle\bcpkix-jdk15on\1.64\bcpkix-jdk15on-1.64.jar;C:\Users\adityamansana\.m2\repository\org\bouncycastle\bcprov-jdk15on\1.64\bcprov-jdk15on-1.64.jar;C:\Users\adityamansana\.m2\repository\org\slf4j\jcl-over-slf4j\1.7.30\jcl-over-slf4j-1.7.30.jar;C:\Users\adityamansana\.m2\repository\com\github\docker-java\docker-java-transport-httpclient5\3.2.12\docker-java-transport-httpclient5-3.2.12.jar;C:\Users\adityamansana\.m2\repository\com\github\docker-java\docker-java-transport\3.2.12\docker-java-transport-3.2.12.jar;C:\Users\adityamansana\.m2\repository\org\apache\httpcomponents\client5\httpclient5\5.0.3\httpclient5-5.0.3.jar;C:\Users\adityamansana\.m2\repository\org\apache\httpcomponents\core5\httpcore5\5.0.2\httpcore5-5.0.2.jar;C:\Users\adityamansana\.m2\repository\net\java\dev\jna\jna\5.8.0\jna-5.8.0.jar;C:\Users\adityamansana\.m2\repository\org\brotli\dec\0.1.2\dec-0.1.2.jar;C:\Users\adityamansana\.m2\repository\com\oracle\database\jdbc\ojdbc8\21.3.0.0\ojdbc8-21.3.0.0.jar;"/>
    <property name="sun.cpu.endian" value="little"/>
    <property name="user.home" value="C:\Users\adityamansana"/>
    <property name="user.language" value="en"/>
    <property name="java.specification.vendor" value="Oracle Corporation"/>
    <property name="java.version.date" value="2018-09-25"/>
    <property name="java.home" value="C:\jdk-11"/>
    <property name="file.separator" value="\"/>
    <property name="basedir" value="D:\Others\Aditya Docs\Automation Jiwan\multi-module-automation\api-automation"/>
    <property name="java.vm.compressedOopsMode" value="Zero based"/>
    <property name="line.separator" value="&#10;"/>
    <property name="java.specification.name" value="Java Platform API Specification"/>
    <property name="java.vm.specification.vendor" value="Oracle Corporation"/>
    <property name="java.awt.graphicsenv" value="sun.awt.Win32GraphicsEnvironment"/>
    <property name="surefire.real.class.path" value="C:\Users\ADITYA~1\AppData\Local\Temp\surefire16529703120271758277\surefirebooter10213643515382327871.jar"/>
    <property name="user.script" value=""/>
    <property name="sun.management.compiler" value="HotSpot 64-Bit Tiered Compilers"/>
    <property name="java.runtime.version" value="11+28"/>
    <property name="user.name" value="adityamansana"/>
    <property name="path.separator" value=";"/>
    <property name="os.version" value="10.0"/>
    <property name="java.runtime.name" value="OpenJDK Runtime Environment"/>
    <property name="file.encoding" value="Cp1252"/>
    <property name="java.vm.name" value="OpenJDK 64-Bit Server VM"/>
    <property name="java.vendor.version" value="18.9"/>
    <property name="localRepository" value="C:\Users\adityamansana\.m2\repository"/>
    <property name="java.vendor.url.bug" value="http://bugreport.java.com/bugreport/"/>
    <property name="java.io.tmpdir" value="C:\Users\ADITYA~1\AppData\Local\Temp\"/>
    <property name="java.version" value="11"/>
    <property name="user.dir" value="D:\Others\Aditya Docs\Automation Jiwan\multi-module-automation\api-automation"/>
    <property name="os.arch" value="amd64"/>
    <property name="java.vm.specification.name" value="Java Virtual Machine Specification"/>
    <property name="java.awt.printerjob" value="sun.awt.windows.WPrinterJob"/>
    <property name="sun.os.patch.level" value=""/>
    <property name="java.library.path" value="C:\jdk-11\bin;C:\Windows\Sun\Java\bin;C:\Windows\system32;C:\Windows;C:/jdk-11/bin/server;C:/jdk-11/bin;C:\Program Files (x86)\Common Files\Oracle\Java\javapath;C:\Program Files\Python39\Scripts\;C:\Program Files\Python39\;C:\Windows\system32;C:\Windows;C:\Windows\System32\Wbem;C:\Windows\System32\WindowsPowerShell\v1.0\;C:\Windows\System32\OpenSSH\;C:\Program Files\TortoiseSVN\bin;C:\jdk-11\bin;C:\Program Files\PostgreSQL\13\bin;C:\Program Files\Java\jdk1.8.0_241\bin;C:\Program Files\Java\jre1.8.0_241\bin;C:\Program Files\Python39\bin;C:\Program Files\Python39\lib;C:\Program Files\Python39\DLLs;C:\Program Files (x86)\Microsoft Visual Studio\2017\BuildTools\VC;C:\Program Files\PuTTY\;C:\Program Files\WinMerge;C:\Program Files\Docker\Docker\resources\bin;C:\ProgramData\DockerDesktop\version-bin;C:\Program Files (x86)\WinSCP\;C:\Maven\apache-maven-3.8.5-bin\apache-maven-3.8.5\bin;C:\Program Files\nodejs\;C:\Program Files\Git\cmd;C:\Users\adityamansana\AppData\Local\Microsoft\WindowsApps;C:\Users\adityamansana\AppData\Local\Programs\Git\cmd;C:\Program Files\JetBrains\PyCharm Community Edition 2021.1.2\bin;;C:\Users\adityamansana\AppData\Local\GitHubDesktop\bin;C:\Users\adityamansana\AppData\Local\Programs\Microsoft VS Code\bin;C:\Users\adityamansana\AppData\Roaming\npm;C:\Maven\apache-maven-3.8.5-src\apache-maven-3.8.5;;C:\Windows\system32;;."/>
    <property name="java.vendor" value="Oracle Corporation"/>
    <property name="java.vm.info" value="mixed mode"/>
    <property name="java.vm.version" value="11+28"/>
    <property name="sun.io.unicode.encoding" value="UnicodeLittle"/>
    <property name="java.class.version" value="55.0"/>
  </properties>
  <testcase name="validate get task api" classname="Validate Jira APIs" time="1.698">
    <error type="java.lang.NullPointerException">java.lang.NullPointerException
</error>
    <system-out><![CDATA[
@SmokeTest
Scenario: validate get task api             &amp#27;[90m# com/api/runner/Demo.feature:3&amp#27;[0m
  &amp#27;[31mGiven &amp#27;[0m&amp#27;[31mI have Jira get task details api&amp#27;[0m    &amp#27;[90m# com.api.stepdefinitions.SampleStepDefinitions.I_have_Jira_get_task_details_api()&amp#27;[0m
      &amp#27;[31mjava.lang.NullPointerException
	at com.api.ScenarioContext.log(ScenarioContext.java:36)
	at com.api.stepdefinitions.SampleStepDefinitions.I_have_Jira_get_task_details_api(SampleStepDefinitions.java:18)
	at âœ½.I have Jira get task details api(classpath:com/api/runner/Demo.feature:4)
&amp#27;[0m
  &amp#27;[36mWhen &amp#27;[0m&amp#27;[36mI send request to fetch task details&amp#27;[0m &amp#27;[90m# com.api.stepdefinitions.SampleStepDefinitions.I_send_request_to_fetch_task_details(io.cucumber.datatable.DataTable)&amp#27;[0m
  &amp#27;[36mThen &amp#27;[0m&amp#27;[36mI should get the task details&amp#27;[0m        &amp#27;[90m# com.api.stepdefinitions.SampleStepDefinitions.I_should_get_the_task_details()&amp#27;[0m
]]></system-out>
    <system-err><![CDATA[Jul 20, 2022 1:55:03 AM io.cucumber.weld.WeldFactory start
WARNING: cucumber-weld has been deprecated. Consider using cucumber-deltaspike instead
Jul 20, 2022 1:55:03 AM org.jboss.weld.bootstrap.WeldStartup <clinit>
INFO: WELD-000900: 2.4.8 (Final)
Jul 20, 2022 1:55:03 AM org.jboss.weld.bootstrap.WeldStartup startContainer
INFO: WELD-000101: Transactional services not available. Injection of @Inject UserTransaction not available. Transactional observers will be invoked synchronously.
Jul 20, 2022 1:55:04 AM org.jboss.weld.environment.se.WeldContainer fireContainerInitializedEvent
INFO: WELD-ENV-002003: Weld SE container 311d8496-196c-4c6c-918c-1db6aa16f729 initialized
Jul 20, 2022 1:55:04 AM org.jboss.weld.environment.se.WeldContainer shutdown
INFO: WELD-ENV-002001: Weld SE container 311d8496-196c-4c6c-918c-1db6aa16f729 shut down
]]></system-err>
  </testcase>
</testsuite>